<?xml version="1.0" encoding="UTF-8"?>
<!-- Generated by org.testng.reporters.JUnitXMLReporter -->
<testsuite ignored="0" hostname="LNGWVDV-3e33" failures="0" tests="2" name="Default test" time="292.348" errors="0" timestamp="05 Jan 2023 07:19:31 GMT">
  <testcase classname="io.cucumber.testng.AbstractTestNGCucumberTests" name="runScenario" time="21.027"/>
  <testcase classname="io.cucumber.testng.AbstractTestNGCucumberTests" name="runScenario" time="270.83"/>
</testsuite> <!-- Default test -->
