<?xml version="1.0" encoding="UTF-8"?>
<testng-results ignored="0" total="2" passed="2" failed="0" skipped="0">
  <reporter-output>
  </reporter-output>
  <suite started-at="2023-01-05T07:14:38Z" name="Default suite" finished-at="2023-01-05T07:19:30Z" duration-ms="292348">
    <groups>
      <group name="cucumber">
        <method signature="AbstractTestNGCucumberTests.runScenario(io.cucumber.testng.PickleWrapper, io.cucumber.testng.FeatureWrapper)[pri:0, instance:testRunner.CucumberRunnerTests@3243b914]" name="runScenario" class="io.cucumber.testng.AbstractTestNGCucumberTests"/>
      </group> <!-- cucumber -->
    </groups>
    <test started-at="2023-01-05T07:14:38Z" name="Default test" finished-at="2023-01-05T07:19:30Z" duration-ms="292348">
      <class name="testRunner.CucumberRunnerTests">
        <test-method is-config="true" signature="setUpClass(org.testng.ITestContext)[pri:0, instance:testRunner.CucumberRunnerTests@3243b914]" started-at="2023-01-05T07:14:38Z" name="setUpClass" finished-at="2023-01-05T07:14:39Z" duration-ms="396" status="PASS">
          <params>
            <param index="0">
              <value>
                <![CDATA[org.testng.TestRunner@14d8e132]]>
              </value>
            </param>
          </params>
          <reporter-output>
          </reporter-output>
        </test-method> <!-- setUpClass -->
        <test-method signature="runScenario(io.cucumber.testng.PickleWrapper, io.cucumber.testng.FeatureWrapper)[pri:0, instance:testRunner.CucumberRunnerTests@3243b914]" started-at="2023-01-05T07:14:39Z" name="runScenario" description="Runs Cucumber Scenarios" data-provider="scenarios" finished-at="2023-01-05T07:15:00Z" duration-ms="21027" status="PASS">
          <params>
            <param index="0">
              <value>
                <![CDATA["Successful connection to the NLFTK server and tracking of bundle in the server"]]>
              </value>
            </param>
            <param index="1">
              <value>
                <![CDATA["Bundle tracking feature"]]>
              </value>
            </param>
          </params>
          <reporter-output>
          </reporter-output>
        </test-method> <!-- runScenario -->
        <test-method signature="runScenario(io.cucumber.testng.PickleWrapper, io.cucumber.testng.FeatureWrapper)[pri:0, instance:testRunner.CucumberRunnerTests@3243b914]" started-at="2023-01-05T07:15:00Z" name="runScenario" description="Runs Cucumber Scenarios" data-provider="scenarios" finished-at="2023-01-05T07:19:30Z" duration-ms="270830" status="PASS">
          <params>
            <param index="0">
              <value>
                <![CDATA["Checking the bundle in FPD Monitor"]]>
              </value>
            </param>
            <param index="1">
              <value>
                <![CDATA["Bundle tracking feature"]]>
              </value>
            </param>
          </params>
          <reporter-output>
          </reporter-output>
        </test-method> <!-- runScenario -->
        <test-method is-config="true" signature="tearDownClass()[pri:0, instance:testRunner.CucumberRunnerTests@3243b914]" started-at="2023-01-05T07:19:30Z" name="tearDownClass" finished-at="2023-01-05T07:19:30Z" duration-ms="49" status="PASS">
          <reporter-output>
          </reporter-output>
        </test-method> <!-- tearDownClass -->
      </class> <!-- testRunner.CucumberRunnerTests -->
    </test> <!-- Default test -->
  </suite> <!-- Default suite -->
</testng-results>
